[master 3231cab] Experiment 15 in dataset ETTh1 pred_horizon 48 added
 Committer: AGARCUC <agarcuc@alumno.upv.es@vrhpc6.dsic.upv.es>
Your name and email address were configured automatically based
on your username and hostname. Please check that they are accurate.
You can suppress this message by setting them explicitly. Run the
following command and follow the instructions in your editor to edit
your configuration file:

    git config --global --edit

After doing this, you may fix the identity used for this commit with:

    git commit --amend --reset-author

 53 files changed, 17 insertions(+)
 create mode 100644 Deploys/slurm-27622.out
 create mode 100644 Deploys/slurm-27623.out
 create mode 100644 Deploys/slurm-27624.out
 create mode 100644 Deploys/slurm-27625.out
 create mode 100644 Deploys/slurm-27626.out
 create mode 100644 Deploys/slurm-27627.out
 create mode 100644 Deploys/slurm-27628.out
 create mode 100644 Deploys/slurm-27629.out
 create mode 100644 Deploys/slurm-27630.out
 create mode 100644 Deploys/slurm-27631.out
 create mode 100644 Deploys/slurm-27632.out
 create mode 100644 Deploys/slurm-27633.out
 create mode 100644 Deploys/slurm-27634.out
 create mode 100644 Deploys/slurm-27635.out
 create mode 100644 Deploys/slurm-27636.out
 create mode 100644 Deploys/slurm-27637.out
 rewrite Models/ETTh1/24/05-ElKAN_AR.pt (96%)
 rewrite Models/ETTh1/24/06-ElEl_AR.pt (96%)
 rewrite Models/ETTh1/24/07-ElGRU_AR.pt (96%)
 create mode 100644 Models/ETTh1/48/01-ELSTM_AR.pt
 create mode 100644 Models/ETTh1/48/01-GRUGRU_AR.pt
 create mode 100644 Models/ETTh1/48/01-KANKAN_AR.pt
 create mode 100644 Models/ETTh1/48/02-KANEl_AR.pt
 create mode 100644 Models/ETTh1/48/03-KANGRU_AR.pt
 create mode 100644 Models/ETTh1/48/04-KANLSTM_AR.pt
 create mode 100644 Models/ETTh1/48/05-ElKAN_AR.pt
 create mode 100644 Models/ETTh1/48/06-ElEl_AR.pt
 create mode 100644 Models/ETTh1/48/07-ElGRU_AR.pt
 create mode 100644 Models/ETTh1/48/09-GRUKAN_AR.pt
 create mode 100644 Models/ETTh1/48/10-GRUEl_AR.pt
 create mode 100644 Models/ETTh1/48/12-GRULSTM_AR.pt
 create mode 100644 Models/ETTh1/48/13-LSTMKAN_AR.pt
 create mode 100644 Models/ETTh1/48/14-LSTMEl_AR.pt
 create mode 100644 Models/ETTh1/48/15-LSTMGRU_AR.pt
 create mode 100644 Models/ETTh1/48/15-LSTMGRU_MA.pt
 create mode 100644 Models/ETTh1/48/16-LSTMLSTM_AR.pt
 create mode 100644 Models/ETTh1/48/16-LSTMLSTM_MA.pt
 create mode 100644 results/ETTh1/48/01-KANKAN.out
 create mode 100644 results/ETTh1/48/02-KANEl.out
 create mode 100644 results/ETTh1/48/03-KANGRU.out
 create mode 100644 results/ETTh1/48/04-KANLSTM.out
 create mode 100644 results/ETTh1/48/05-ElKAN.out
 create mode 100644 results/ETTh1/48/06-ElEl.out
 create mode 100644 results/ETTh1/48/07-ElGRU.out
 create mode 100644 results/ETTh1/48/08-ELSTM.out
 create mode 100644 results/ETTh1/48/09-GRUKAN.out
 create mode 100644 results/ETTh1/48/10-GRUEl.out
 create mode 100644 results/ETTh1/48/11-GRUGRU.out
 create mode 100644 results/ETTh1/48/12-GRULSTM.out
 create mode 100644 results/ETTh1/48/13-LSTMKAN.out
 create mode 100644 results/ETTh1/48/14-LSTMEl.out
 create mode 100644 results/ETTh1/48/15-LSTMGRU.out
 create mode 100644 results/ETTh1/48/16-LSTMLSTM.out
To https://github.com/jstalwart/KARIMA.git
   03740f4..3231cab  master -> master
